2023-11-15 20:19:00.587 +03:00 [INF] ------Program Main start------
2023-11-15 20:19:01.578 +03:00 [INF] ------Application Run------
2023-11-15 20:19:02.536 +03:00 [INF] User profile is available. Using 'C:\Users\posig\AppData\Local\ASP.NET\DataProtection-Keys' as key repository and Windows DPAPI to encrypt keys at rest.
2023-11-15 20:19:02.922 +03:00 [INF] Now listening on: https://localhost:7291
2023-11-15 20:19:02.923 +03:00 [INF] Now listening on: http://localhost:5202
2023-11-15 20:19:02.930 +03:00 [INF] Application started. Press Ctrl+C to shut down.
2023-11-15 20:19:02.931 +03:00 [INF] Hosting environment: Development
2023-11-15 20:19:02.933 +03:00 [INF] Content root path: C:\Projects\ItAcademy\Sukre-v00\Sucre\Sucre
2023-11-15 20:19:05.970 +03:00 [INF] Request starting HTTP/2 GET https://localhost:7291/ - -
2023-11-15 20:19:06.094 +03:00 [INF] Executing endpoint 'Sucre.Controllers.HomeController.Index (Sucre)'
2023-11-15 20:19:06.176 +03:00 [INF] Route matched with {action = "Index", controller = "Home"}. Executing controller action with signature Microsoft.AspNetCore.Mvc.IActionResult Index() on controller Sucre.Controllers.HomeController (Sucre).
2023-11-15 20:19:06.581 +03:00 [INF] Executing ViewResult, running view Index.
2023-11-15 20:19:06.795 +03:00 [INF] InitApplicattionDbContext->get DatabaseName
2023-11-15 20:19:06.983 +03:00 [INF] Executed ViewResult - view Index executed in 415.6959ms.
2023-11-15 20:19:06.992 +03:00 [INF] Executed action Sucre.Controllers.HomeController.Index (Sucre) in 795.5604ms
2023-11-15 20:19:06.994 +03:00 [INF] Executed endpoint 'Sucre.Controllers.HomeController.Index (Sucre)'
2023-11-15 20:19:07.072 +03:00 [INF] Request starting HTTP/2 GET https://localhost:7291/Sucre.styles.css?v=r3ojiAAUhTaJRKEv4THWu99ZucGG3Q99-RUoIdEeJDo - -
2023-11-15 20:19:07.072 +03:00 [INF] Request starting HTTP/2 GET https://localhost:7291/lib/bootstrap532/dist/css/bootstrap.css - -
2023-11-15 20:19:07.073 +03:00 [INF] Request starting HTTP/2 GET https://localhost:7291/images/SukredIco1.png - -
2023-11-15 20:19:07.072 +03:00 [INF] Request starting HTTP/2 GET https://localhost:7291/css/site.css?v=QwHQyumfclXi_BOkA0n7TIW-tIK46tKITL6XTe6kGE8 - -
2023-11-15 20:19:07.113 +03:00 [INF] Request finished HTTP/2 GET https://localhost:7291/ - - - 200 - text/html;+charset=utf-8 1087.0479ms
2023-11-15 20:19:07.119 +03:00 [INF] Request starting HTTP/2 GET https://localhost:7291/lib/jquery/dist/jquery.min.js - -
2023-11-15 20:19:07.124 +03:00 [INF] Request starting HTTP/2 GET https://localhost:7291/_framework/aspnetcore-browser-refresh.js - -
2023-11-15 20:19:07.123 +03:00 [INF] Request starting HTTP/2 GET https://localhost:7291/images/Sukred.png - -
2023-11-15 20:19:07.140 +03:00 [INF] Request starting HTTP/2 GET https://localhost:7291/lib/bootstrap532/dist/js/bootstrap.bundle.js - -
2023-11-15 20:19:07.142 +03:00 [INF] Request starting HTTP/2 GET https://localhost:7291/js/site.js?v=BxFAw9RUJ1E4NycpKEjCNDeoSvr4RPHixdBq5wDnkeY - -
2023-11-15 20:19:07.179 +03:00 [INF] Request starting HTTP/2 GET https://localhost:7291/_vs/browserLink - -
2023-11-15 20:19:07.214 +03:00 [INF] Request finished HTTP/2 GET https://localhost:7291/_framework/aspnetcore-browser-refresh.js - - - 200 11980 application/javascript;+charset=utf-8 93.9610ms
2023-11-15 20:19:07.224 +03:00 [INF] Sending file. Request path: '/js/site.js'. Physical path: 'C:\Projects\ItAcademy\Sukre-v00\Sucre\Sucre\wwwroot\js\site.js'
2023-11-15 20:19:07.224 +03:00 [INF] Sending file. Request path: '/css/site.css'. Physical path: 'C:\Projects\ItAcademy\Sukre-v00\Sucre\Sucre\wwwroot\css\site.css'
2023-11-15 20:19:07.224 +03:00 [INF] Sending file. Request path: '/Sucre.styles.css'. Physical path: 'C:\Projects\ItAcademy\Sukre-v00\Sucre\Sucre\obj\Debug\net7.0\scopedcss\bundle\Sucre.styles.css'
2023-11-15 20:19:07.244 +03:00 [INF] Request finished HTTP/2 GET https://localhost:7291/css/site.css?v=QwHQyumfclXi_BOkA0n7TIW-tIK46tKITL6XTe6kGE8 - - - 200 991 text/css 173.5776ms
2023-11-15 20:19:07.248 +03:00 [INF] Request finished HTTP/2 GET https://localhost:7291/Sucre.styles.css?v=r3ojiAAUhTaJRKEv4THWu99ZucGG3Q99-RUoIdEeJDo - - - 200 1122 text/css 178.3655ms
2023-11-15 20:19:07.228 +03:00 [INF] Request finished HTTP/2 GET https://localhost:7291/js/site.js?v=BxFAw9RUJ1E4NycpKEjCNDeoSvr4RPHixdBq5wDnkeY - - - 200 226 text/javascript 86.8890ms
2023-11-15 20:19:07.275 +03:00 [INF] Sending file. Request path: '/images/SukredIco1.png'. Physical path: 'C:\Projects\ItAcademy\Sukre-v00\Sucre\Sucre\wwwroot\images\SukredIco1.png'
2023-11-15 20:19:07.275 +03:00 [INF] Sending file. Request path: '/lib/jquery/dist/jquery.min.js'. Physical path: 'C:\Projects\ItAcademy\Sukre-v00\Sucre\Sucre\wwwroot\lib\jquery\dist\jquery.min.js'
2023-11-15 20:19:07.278 +03:00 [INF] Request finished HTTP/2 GET https://localhost:7291/images/SukredIco1.png - - - 200 3485 image/png 208.3213ms
2023-11-15 20:19:07.281 +03:00 [INF] Request finished HTTP/2 GET https://localhost:7291/lib/jquery/dist/jquery.min.js - - - 200 89501 text/javascript 161.4490ms
2023-11-15 20:19:07.275 +03:00 [INF] Sending file. Request path: '/images/Sukred.png'. Physical path: 'C:\Projects\ItAcademy\Sukre-v00\Sucre\Sucre\wwwroot\images\Sukred.png'
2023-11-15 20:19:07.285 +03:00 [INF] Sending file. Request path: '/lib/bootstrap532/dist/css/bootstrap.css'. Physical path: 'C:\Projects\ItAcademy\Sukre-v00\Sucre\Sucre\wwwroot\lib\bootstrap532\dist\css\bootstrap.css'
2023-11-15 20:19:07.286 +03:00 [INF] Request finished HTTP/2 GET https://localhost:7291/images/Sukred.png - - - 200 16452 image/png 166.1836ms
2023-11-15 20:19:07.280 +03:00 [INF] Sending file. Request path: '/lib/bootstrap532/dist/js/bootstrap.bundle.js'. Physical path: 'C:\Projects\ItAcademy\Sukre-v00\Sucre\Sucre\wwwroot\lib\bootstrap532\dist\js\bootstrap.bundle.js'
2023-11-15 20:19:07.288 +03:00 [INF] Request finished HTTP/2 GET https://localhost:7291/lib/bootstrap532/dist/css/bootstrap.css - - - 200 280813 text/css 226.2817ms
2023-11-15 20:19:07.292 +03:00 [INF] Request finished HTTP/2 GET https://localhost:7291/lib/bootstrap532/dist/js/bootstrap.bundle.js - - - 200 207731 text/javascript 151.1810ms
2023-11-15 20:19:07.345 +03:00 [INF] Request finished HTTP/2 GET https://localhost:7291/_vs/browserLink - - - 200 - text/javascript;+charset=UTF-8 184.2611ms
2023-11-15 20:19:07.446 +03:00 [INF] Request starting HTTP/2 GET https://localhost:7291/favicon.ico - -
2023-11-15 20:19:07.467 +03:00 [INF] Sending file. Request path: '/favicon.ico'. Physical path: 'C:\Projects\ItAcademy\Sukre-v00\Sucre\Sucre\wwwroot\favicon.ico'
2023-11-15 20:19:07.470 +03:00 [INF] Request finished HTTP/2 GET https://localhost:7291/favicon.ico - - - 200 5430 image/x-icon 23.2350ms
2023-11-15 20:21:16.631 +03:00 [INF] ------Program Main start------
2023-11-15 20:21:16.775 +03:00 [FTL] !!! Programs-Main
System.DivideByZeroException: Attempted to divide by zero.
   at Sucre.Program.Main(String[] args) in C:\Projects\ItAcademy\Sukre-v00\Sucre\Sucre\Program.cs:line 34
2023-11-15 20:54:17.713 +03:00 [INF] *->------Program Main start 2023-11-15 20:54:17 ------
2023-11-15 20:54:17.853 +03:00 [FTL] *->!!! FATAL ERROR. Programs-Main...fucked up
System.DivideByZeroException: Attempted to divide by zero.
   at Sucre.Program.Main(String[] args) in C:\Projects\ItAcademy\Sukre-v00\Sucre\Sucre\Program.cs:line 34
2023-11-15 20:55:19.151 +03:00 [INF] *->------Program Main start 2023-11-15 20:55:19 ------
2023-11-15 20:55:19.780 +03:00 [INF] *->------Application Run------
2023-11-15 20:55:20.038 +03:00 [INF] *->Services register successfully (Microsoft.AspNetCore.Builder.WebApplicationBuilder)
2023-11-15 20:55:20.162 +03:00 [INF] *->App create succesfully (Microsoft.AspNetCore.Builder.WebApplication)
2023-11-15 20:55:20.679 +03:00 [INF] *->App run (Development)
2023-11-15 20:55:20.765 +03:00 [INF] User profile is available. Using 'C:\Users\posig\AppData\Local\ASP.NET\DataProtection-Keys' as key repository and Windows DPAPI to encrypt keys at rest.
2023-11-15 20:55:21.104 +03:00 [INF] Now listening on: https://localhost:7291
2023-11-15 20:55:21.105 +03:00 [INF] Now listening on: http://localhost:5202
2023-11-15 20:55:21.111 +03:00 [INF] Application started. Press Ctrl+C to shut down.
2023-11-15 20:55:21.112 +03:00 [INF] Hosting environment: Development
2023-11-15 20:55:21.113 +03:00 [INF] Content root path: C:\Projects\ItAcademy\Sukre-v00\Sucre\Sucre
2023-11-15 20:55:23.323 +03:00 [INF] Request starting HTTP/2 GET https://localhost:7291/ - -
2023-11-15 20:55:23.459 +03:00 [INF] Executing endpoint 'Sucre.Controllers.HomeController.Index (Sucre)'
2023-11-15 20:55:23.540 +03:00 [INF] Route matched with {action = "Index", controller = "Home"}. Executing controller action with signature Microsoft.AspNetCore.Mvc.IActionResult Index() on controller Sucre.Controllers.HomeController (Sucre).
2023-11-15 20:55:23.885 +03:00 [INF] *->Run action Home-Index
2023-11-15 20:55:23.922 +03:00 [INF] Executing ViewResult, running view Index.
2023-11-15 20:55:24.199 +03:00 [INF] InitApplicattionDbContext->get DatabaseName
2023-11-15 20:55:24.354 +03:00 [INF] Executed ViewResult - view Index executed in 461.3847ms.
2023-11-15 20:55:24.366 +03:00 [INF] Executed action Sucre.Controllers.HomeController.Index (Sucre) in 814.4142ms
2023-11-15 20:55:24.368 +03:00 [INF] Executed endpoint 'Sucre.Controllers.HomeController.Index (Sucre)'
2023-11-15 20:55:24.410 +03:00 [INF] Request finished HTTP/2 GET https://localhost:7291/ - - - 200 - text/html;+charset=utf-8 1090.8577ms
2023-11-15 20:55:24.419 +03:00 [INF] Request starting HTTP/2 GET https://localhost:7291/_framework/aspnetcore-browser-refresh.js - -
2023-11-15 20:55:24.419 +03:00 [INF] Request starting HTTP/2 GET https://localhost:7291/_vs/browserLink - -
2023-11-15 20:55:24.459 +03:00 [INF] Request finished HTTP/2 GET https://localhost:7291/_framework/aspnetcore-browser-refresh.js - - - 200 11980 application/javascript;+charset=utf-8 39.6040ms
2023-11-15 20:55:24.507 +03:00 [INF] Request finished HTTP/2 GET https://localhost:7291/_vs/browserLink - - - 200 - text/javascript;+charset=UTF-8 87.5954ms
2023-11-15 22:36:19.925 +03:00 [INF] *->------Program Main start 2023-11-15 22:36:19 ------
2023-11-15 22:36:20.263 +03:00 [INF] *->------Application Run------
2023-11-15 22:36:20.465 +03:00 [INF] *->Services register successfully (Microsoft.AspNetCore.Builder.WebApplicationBuilder)
2023-11-15 22:36:20.535 +03:00 [INF] *->App create succesfully (Microsoft.AspNetCore.Builder.WebApplication)
2023-11-15 22:36:20.832 +03:00 [INF] *->App run (Development)
2023-11-15 22:36:20.867 +03:00 [INF] User profile is available. Using 'C:\Users\posig\AppData\Local\ASP.NET\DataProtection-Keys' as key repository and Windows DPAPI to encrypt keys at rest.
2023-11-15 22:36:21.030 +03:00 [INF] Now listening on: https://localhost:7291
2023-11-15 22:36:21.031 +03:00 [INF] Now listening on: http://localhost:5202
2023-11-15 22:36:21.033 +03:00 [INF] Application started. Press Ctrl+C to shut down.
2023-11-15 22:36:21.033 +03:00 [INF] Hosting environment: Development
2023-11-15 22:36:21.034 +03:00 [INF] Content root path: C:\Projects\ItAcademy\Sukre-v00\Sucre\Sucre
2023-11-15 22:36:22.043 +03:00 [INF] Request starting HTTP/2 GET https://localhost:7291/ - -
2023-11-15 22:36:22.099 +03:00 [INF] Executing endpoint 'Sucre.Controllers.HomeController.Index (Sucre)'
2023-11-15 22:36:22.133 +03:00 [INF] Route matched with {action = "Index", controller = "Home"}. Executing controller action with signature Microsoft.AspNetCore.Mvc.IActionResult Index() on controller Sucre.Controllers.HomeController (Sucre).
2023-11-15 22:36:22.483 +03:00 [INF] *->Run action Home-Index
2023-11-15 22:36:22.494 +03:00 [INF] Executing ViewResult, running view Index.
2023-11-15 22:36:22.609 +03:00 [INF] InitApplicattionDbContext->get DatabaseName
2023-11-15 22:36:22.694 +03:00 [INF] Executed ViewResult - view Index executed in 207.8237ms.
2023-11-15 22:36:22.698 +03:00 [INF] Executed action Sucre.Controllers.HomeController.Index (Sucre) in 558.9912ms
2023-11-15 22:36:22.699 +03:00 [INF] Executed endpoint 'Sucre.Controllers.HomeController.Index (Sucre)'
2023-11-15 22:36:22.715 +03:00 [INF] Request finished HTTP/2 GET https://localhost:7291/ - - - 200 - text/html;+charset=utf-8 673.2063ms
2023-11-15 22:36:22.721 +03:00 [INF] Request starting HTTP/2 GET https://localhost:7291/_vs/browserLink - -
2023-11-15 22:36:22.721 +03:00 [INF] Request starting HTTP/2 GET https://localhost:7291/_framework/aspnetcore-browser-refresh.js - -
2023-11-15 22:36:22.732 +03:00 [INF] Request finished HTTP/2 GET https://localhost:7291/_framework/aspnetcore-browser-refresh.js - - - 200 11980 application/javascript;+charset=utf-8 10.9384ms
2023-11-15 22:36:22.752 +03:00 [INF] Request finished HTTP/2 GET https://localhost:7291/_vs/browserLink - - - 200 - text/javascript;+charset=UTF-8 31.6405ms
2023-11-15 22:36:30.561 +03:00 [INF] Request starting HTTP/2 GET https://localhost:7291/ParameterType - -
2023-11-15 22:36:30.566 +03:00 [INF] Executing endpoint 'Sucre.Controllers.ParameterTypeController.Index (Sucre)'
2023-11-15 22:36:30.573 +03:00 [INF] Route matched with {action = "Index", controller = "ParameterType"}. Executing controller action with signature System.Threading.Tasks.Task`1[Microsoft.AspNetCore.Mvc.IActionResult] Index() on controller Sucre.Controllers.ParameterTypeController (Sucre).
2023-11-15 22:36:31.018 +03:00 [WRN] No store type was specified for the decimal property 'A_High' on entity type 'AsPaz'. This will cause values to be silently truncated if they do not fit in the default precision and scale. Explicitly specify the SQL server column type that can accommodate all the values in 'OnModelCreating' using 'HasColumnType', specify precision and scale using 'HasPrecision', or configure a value converter using 'HasConversion'.
2023-11-15 22:36:31.019 +03:00 [WRN] No store type was specified for the decimal property 'A_Low' on entity type 'AsPaz'. This will cause values to be silently truncated if they do not fit in the default precision and scale. Explicitly specify the SQL server column type that can accommodate all the values in 'OnModelCreating' using 'HasColumnType', specify precision and scale using 'HasPrecision', or configure a value converter using 'HasConversion'.
2023-11-15 22:36:31.020 +03:00 [WRN] No store type was specified for the decimal property 'High' on entity type 'AsPaz'. This will cause values to be silently truncated if they do not fit in the default precision and scale. Explicitly specify the SQL server column type that can accommodate all the values in 'OnModelCreating' using 'HasColumnType', specify precision and scale using 'HasPrecision', or configure a value converter using 'HasConversion'.
2023-11-15 22:36:31.021 +03:00 [WRN] No store type was specified for the decimal property 'Low' on entity type 'AsPaz'. This will cause values to be silently truncated if they do not fit in the default precision and scale. Explicitly specify the SQL server column type that can accommodate all the values in 'OnModelCreating' using 'HasColumnType', specify precision and scale using 'HasPrecision', or configure a value converter using 'HasConversion'.
2023-11-15 22:36:31.021 +03:00 [WRN] No store type was specified for the decimal property 'W_High' on entity type 'AsPaz'. This will cause values to be silently truncated if they do not fit in the default precision and scale. Explicitly specify the SQL server column type that can accommodate all the values in 'OnModelCreating' using 'HasColumnType', specify precision and scale using 'HasPrecision', or configure a value converter using 'HasConversion'.
2023-11-15 22:36:31.022 +03:00 [WRN] No store type was specified for the decimal property 'W_Low' on entity type 'AsPaz'. This will cause values to be silently truncated if they do not fit in the default precision and scale. Explicitly specify the SQL server column type that can accommodate all the values in 'OnModelCreating' using 'HasColumnType', specify precision and scale using 'HasPrecision', or configure a value converter using 'HasConversion'.
2023-11-15 22:36:31.023 +03:00 [WRN] No store type was specified for the decimal property 'Value' on entity type 'ValueDay'. This will cause values to be silently truncated if they do not fit in the default precision and scale. Explicitly specify the SQL server column type that can accommodate all the values in 'OnModelCreating' using 'HasColumnType', specify precision and scale using 'HasPrecision', or configure a value converter using 'HasConversion'.
2023-11-15 22:36:31.023 +03:00 [WRN] No store type was specified for the decimal property 'Value' on entity type 'ValueHour'. This will cause values to be silently truncated if they do not fit in the default precision and scale. Explicitly specify the SQL server column type that can accommodate all the values in 'OnModelCreating' using 'HasColumnType', specify precision and scale using 'HasPrecision', or configure a value converter using 'HasConversion'.
2023-11-15 22:36:31.024 +03:00 [WRN] No store type was specified for the decimal property 'Value' on entity type 'ValueMounth'. This will cause values to be silently truncated if they do not fit in the default precision and scale. Explicitly specify the SQL server column type that can accommodate all the values in 'OnModelCreating' using 'HasColumnType', specify precision and scale using 'HasPrecision', or configure a value converter using 'HasConversion'.
2023-11-15 22:36:31.122 +03:00 [INF] SucreUnitOfWork use
2023-11-15 22:36:31.915 +03:00 [INF] Executed DbCommand (69ms) [Parameters=[], CommandType='"Text"', CommandTimeout='30']
SELECT [p].[Id], [p].[Mnemo], [p].[Name], [p].[UnitMeas]
FROM [ParameterTypes] AS [p]
2023-11-15 22:36:31.983 +03:00 [INF] !!!GlobalIn-GlobalOut-GlobalIn-ControllerIn-ActionIn-!!!
2023-11-15 22:36:31.987 +03:00 [INF] Executing ViewResult, running view Index.
2023-11-15 22:36:32.040 +03:00 [INF] InitApplicattionDbContext->get DatabaseName
2023-11-15 22:36:32.048 +03:00 [INF] Executed ViewResult - view Index executed in 62.3204ms.
2023-11-15 22:36:32.049 +03:00 [INF] Executed action Sucre.Controllers.ParameterTypeController.Index (Sucre) in 1471.6587ms
2023-11-15 22:36:32.050 +03:00 [INF] Executed endpoint 'Sucre.Controllers.ParameterTypeController.Index (Sucre)'
2023-11-15 22:36:32.058 +03:00 [INF] Request starting HTTP/2 GET https://localhost:7291/_vs/browserLink - -
2023-11-15 22:36:32.058 +03:00 [INF] Request starting HTTP/2 GET https://localhost:7291/_framework/aspnetcore-browser-refresh.js - -
2023-11-15 22:36:32.060 +03:00 [INF] Request finished HTTP/2 GET https://localhost:7291/_framework/aspnetcore-browser-refresh.js - - - 200 11980 application/javascript;+charset=utf-8 1.8467ms
2023-11-15 22:36:32.066 +03:00 [INF] Request finished HTTP/2 GET https://localhost:7291/ParameterType - - - 200 - text/html;+charset=utf-8 1504.9274ms
2023-11-15 22:36:32.079 +03:00 [INF] Request finished HTTP/2 GET https://localhost:7291/_vs/browserLink - - - 200 - text/javascript;+charset=UTF-8 20.7812ms
2023-11-15 22:36:35.599 +03:00 [INF] Request starting HTTP/2 GET https://localhost:7291/Energy - -
2023-11-15 22:36:35.604 +03:00 [INF] Executing endpoint 'Sucre.Controllers.EnergyController.Index (Sucre)'
2023-11-15 22:37:49.763 +03:00 [INF] *->------Program Main start 2023-11-15 22:37:49 ------
2023-11-15 22:37:49.965 +03:00 [INF] *->------Application Run------
2023-11-15 22:37:50.044 +03:00 [INF] *->Services register successfully (Microsoft.AspNetCore.Builder.WebApplicationBuilder)
2023-11-15 22:37:50.080 +03:00 [INF] *->App create succesfully (Microsoft.AspNetCore.Builder.WebApplication)
2023-11-15 22:37:50.197 +03:00 [INF] *->App run (Development)
2023-11-15 22:37:50.216 +03:00 [INF] User profile is available. Using 'C:\Users\posig\AppData\Local\ASP.NET\DataProtection-Keys' as key repository and Windows DPAPI to encrypt keys at rest.
2023-11-15 22:37:50.321 +03:00 [INF] Now listening on: https://localhost:7291
2023-11-15 22:37:50.321 +03:00 [INF] Now listening on: http://localhost:5202
2023-11-15 22:37:50.324 +03:00 [INF] Application started. Press Ctrl+C to shut down.
2023-11-15 22:37:50.324 +03:00 [INF] Hosting environment: Development
2023-11-15 22:37:50.325 +03:00 [INF] Content root path: C:\Projects\ItAcademy\Sukre-v00\Sucre\Sucre
2023-11-15 22:37:51.673 +03:00 [INF] Request starting HTTP/2 GET https://localhost:7291/ - -
2023-11-15 22:37:51.719 +03:00 [INF] Executing endpoint 'Sucre.Controllers.HomeController.Index (Sucre)'
2023-11-15 22:37:51.740 +03:00 [INF] Route matched with {action = "Index", controller = "Home"}. Executing controller action with signature Microsoft.AspNetCore.Mvc.IActionResult Index() on controller Sucre.Controllers.HomeController (Sucre).
2023-11-15 22:37:51.843 +03:00 [INF] *->Run action Home-Index
2023-11-15 22:37:51.850 +03:00 [INF] Executing ViewResult, running view Index.
2023-11-15 22:37:51.933 +03:00 [INF] InitApplicattionDbContext->get DatabaseName
2023-11-15 22:37:51.992 +03:00 [INF] Executed ViewResult - view Index executed in 146.4692ms.
2023-11-15 22:37:51.995 +03:00 [INF] Executed action Sucre.Controllers.HomeController.Index (Sucre) in 250.1367ms
2023-11-15 22:37:51.996 +03:00 [INF] Executed endpoint 'Sucre.Controllers.HomeController.Index (Sucre)'
2023-11-15 22:37:52.010 +03:00 [INF] Request finished HTTP/2 GET https://localhost:7291/ - - - 200 - text/html;+charset=utf-8 338.6681ms
2023-11-15 22:37:52.015 +03:00 [INF] Request starting HTTP/2 GET https://localhost:7291/_framework/aspnetcore-browser-refresh.js - -
2023-11-15 22:37:52.015 +03:00 [INF] Request starting HTTP/2 GET https://localhost:7291/_vs/browserLink - -
2023-11-15 22:37:52.032 +03:00 [INF] Request finished HTTP/2 GET https://localhost:7291/_framework/aspnetcore-browser-refresh.js - - - 200 11980 application/javascript;+charset=utf-8 17.0539ms
2023-11-15 22:37:52.051 +03:00 [INF] Request finished HTTP/2 GET https://localhost:7291/_vs/browserLink - - - 200 - text/javascript;+charset=UTF-8 36.1539ms
2023-11-15 22:39:24.501 +03:00 [INF] *->------Program Main start 2023-11-15 22:39:24 ------
2023-11-15 22:39:24.700 +03:00 [INF] *->------Application Run------
2023-11-15 22:39:24.827 +03:00 [INF] *->Services register successfully (Microsoft.AspNetCore.Builder.WebApplicationBuilder)
2023-11-15 22:39:24.892 +03:00 [INF] *->App create succesfully (Microsoft.AspNetCore.Builder.WebApplication)
2023-11-15 22:39:25.023 +03:00 [INF] *->App run (Development)
2023-11-15 22:42:09.381 +03:00 [INF] *->------Program Main start 2023-11-15 22:42:09 ------
2023-11-15 22:42:09.580 +03:00 [INF] *->------Application Run------
2023-11-15 22:42:09.660 +03:00 [INF] *->Services register successfully (Microsoft.AspNetCore.Builder.WebApplicationBuilder)
2023-11-15 22:42:09.705 +03:00 [INF] *->App create succesfully (Microsoft.AspNetCore.Builder.WebApplication)
2023-11-15 22:42:09.822 +03:00 [INF] *->App run (Development)
2023-11-15 22:51:39.239 +03:00 [INF] *->------Program Main start 2023-11-15 22:51:39 ------
2023-11-15 22:51:39.550 +03:00 [INF] *->------Application Run------
2023-11-15 22:51:39.662 +03:00 [INF] *->Services register successfully (Microsoft.AspNetCore.Builder.WebApplicationBuilder)
2023-11-15 22:51:39.720 +03:00 [INF] *->App create succesfully (Microsoft.AspNetCore.Builder.WebApplication)
2023-11-15 22:51:39.893 +03:00 [INF] *->App run (Development)
